0 info it worked if it ends with ok
1 verbose cli [ '/home/drom/.nvm/versions/node/v6.17.1/bin/node',
1 verbose cli   '/home/drom/.nvm/versions/node/v6.17.1/bin/npm',
1 verbose cli   'publish' ]
2 info using npm@3.10.10
3 info using node@v6.17.1
4 verbose publish [ '.' ]
5 silly cache add args [ '.', null ]
6 verbose cache add spec .
7 silly cache add parsed spec Result {
7 silly cache add   raw: '.',
7 silly cache add   scope: null,
7 silly cache add   escapedName: null,
7 silly cache add   name: null,
7 silly cache add   rawSpec: '.',
7 silly cache add   spec: '/home/drom/work/github/drom/aerostat',
7 silly cache add   type: 'directory' }
8 verbose addLocalDirectory /home/drom/.npm/aero-stat/1.4.0/package.tgz not in flight; packing
9 verbose correctMkdir /home/drom/.npm correctMkdir not in flight; initializing
10 info lifecycle aero-stat@1.4.0~prepublish: aero-stat@1.4.0
11 silly lifecycle aero-stat@1.4.0~prepublish: no script for prepublish, continuing
12 verbose tar pack [ '/home/drom/.npm/aero-stat/1.4.0/package.tgz',
12 verbose tar pack   '/home/drom/work/github/drom/aerostat' ]
13 verbose tarball /home/drom/.npm/aero-stat/1.4.0/package.tgz
14 verbose folder /home/drom/work/github/drom/aerostat
15 verbose addLocalTarball adding from inside cache /home/drom/.npm/aero-stat/1.4.0/package.tgz
16 verbose correctMkdir /home/drom/.npm correctMkdir not in flight; initializing
17 silly cache afterAdd aero-stat@1.4.0
18 verbose afterAdd /home/drom/.npm/aero-stat/1.4.0/package/package.json not in flight; writing
19 verbose correctMkdir /home/drom/.npm correctMkdir not in flight; initializing
20 verbose afterAdd /home/drom/.npm/aero-stat/1.4.0/package/package.json written
21 silly publish { name: 'aero-stat',
21 silly publish   version: '1.4.0',
21 silly publish   description: 'Aerostat Radio podcast download tool',
21 silly publish   main: 'index.js',
21 silly publish   bin: { download: 'bin/download.js' },
21 silly publish   scripts: { test: 'eslint **/*.js' },
21 silly publish   repository: { type: 'git', url: 'git+https://github.com/drom/aerostat.git' },
21 silly publish   keywords: [ 'aerostat' ],
21 silly publish   author: { name: 'Aliaksei Chapyzhenka' },
21 silly publish   license: 'MIT',
21 silly publish   bugs: { url: 'https://github.com/drom/aerostat/issues' },
21 silly publish   homepage: 'https://github.com/drom/aerostat#readme',
21 silly publish   dependencies:
21 silly publish    { async: '^3.1.0',
21 silly publish      chromecasts: '^1.9.0',
21 silly publish      eslint: '^4.19.1',
21 silly publish      yargs: '^14.2.2' },
21 silly publish   readme: '# aerostat\n\nLittle tool chain to deal with amazing [aerostat](http://aerostatica.ru/) radio podcast.\n\n## Usage\n\n### Download range of episodes into current folder.\n\n```sh\nnpx aero-stat --min 496 --max 535\n```\n\n* `--min Number` start downloading with this number\n* `--max Number` last episode to download\n\n### Play on Aerostat on chromecast device.\n\n```sh\nnpx aero-stat --number 100 --device <myChromeCastDeviceName>\n```\n\n### Options\n\n```\nOptions:\n  --version     Show version number                                    [boolean]\n  --min         first Aerostat number to download                       [number]\n  --max         last Aerostat number to download        [number] [default: 5000]\n  --par         number of parallel downloads               [number] [default: 1]\n  --number, -n  Aerostat Number to chromecast                           [number]\n  --device, -d  Name of chromecast device                               [string]\n  --skip, -s    skip Number of seconds\n  --help        Show help                                              [boolean]\n```\n',
21 silly publish   readmeFilename: 'README.md',
21 silly publish   gitHead: '9f17831aa1e9fae0656326caac87833362deb28d',
21 silly publish   _id: 'aero-stat@1.4.0',
21 silly publish   _shasum: '2bea535e412705c045bcfd499e3ae146e4ba5f05',
21 silly publish   _from: '.' }
22 verbose getPublishConfig undefined
23 silly mapToRegistry name aero-stat
24 silly mapToRegistry using default registry
25 silly mapToRegistry registry https://registry.npmjs.org/
26 silly mapToRegistry data Result {
26 silly mapToRegistry   raw: 'aero-stat',
26 silly mapToRegistry   scope: null,
26 silly mapToRegistry   escapedName: 'aero-stat',
26 silly mapToRegistry   name: 'aero-stat',
26 silly mapToRegistry   rawSpec: '',
26 silly mapToRegistry   spec: 'latest',
26 silly mapToRegistry   type: 'tag' }
27 silly mapToRegistry uri https://registry.npmjs.org/aero-stat
28 verbose publish registryBase https://registry.npmjs.org/
29 silly publish uploading /home/drom/.npm/aero-stat/1.4.0/package.tgz
30 verbose request uri https://registry.npmjs.org/aero-stat
31 verbose request sending authorization for write operation
32 info attempt registry request try #1 at 3:03:47 PM
33 verbose request using bearer token for auth
34 verbose request id e1b710a737c08e8d
35 http request PUT https://registry.npmjs.org/aero-stat
36 http 401 https://registry.npmjs.org/aero-stat
37 verbose headers { date: 'Mon, 16 Dec 2019 23:03:47 GMT',
37 verbose headers   'content-type': 'application/json',
37 verbose headers   'content-length': '100',
37 verbose headers   connection: 'keep-alive',
37 verbose headers   'set-cookie': [ '__cfduid=dacdcaae9bbb123546eea8a72ac5ad4001576537427; expires=Wed, 15-Jan-20 23:03:47 GMT; path=/; domain=.npmjs.org; HttpOnly' ],
37 verbose headers   'cf-ray': '54644ae8893eed63-SJC',
37 verbose headers   'www-authenticate': 'OTP',
37 verbose headers   'cf-cache-status': 'DYNAMIC',
37 verbose headers   'expect-ct': 'max-age=604800, report-uri="https://report-uri.cloudflare.com/cdn-cgi/beacon/expect-ct"',
37 verbose headers   vary: 'Accept-Encoding',
37 verbose headers   server: 'cloudflare' }
38 verbose request invalidating /home/drom/.npm/registry.npmjs.org/aero-stat on PUT
39 error publish Failed PUT 401
40 verbose stack Error: You must provide a one-time pass. Upgrade your client to npm@latest in order to use 2FA. : aero-stat
40 verbose stack     at makeError (/home/drom/.nvm/versions/node/v6.17.1/lib/node_modules/npm/node_modules/npm-registry-client/lib/request.js:302:12)
40 verbose stack     at CachingRegistryClient.<anonymous> (/home/drom/.nvm/versions/node/v6.17.1/lib/node_modules/npm/node_modules/npm-registry-client/lib/request.js:290:14)
40 verbose stack     at Request._callback (/home/drom/.nvm/versions/node/v6.17.1/lib/node_modules/npm/node_modules/npm-registry-client/lib/request.js:210:14)
40 verbose stack     at Request.self.callback (/home/drom/.nvm/versions/node/v6.17.1/lib/node_modules/npm/node_modules/request/request.js:187:22)
40 verbose stack     at emitTwo (events.js:106:13)
40 verbose stack     at Request.emit (events.js:191:7)
40 verbose stack     at Request.<anonymous> (/home/drom/.nvm/versions/node/v6.17.1/lib/node_modules/npm/node_modules/request/request.js:1048:10)
40 verbose stack     at emitOne (events.js:96:13)
40 verbose stack     at Request.emit (events.js:188:7)
40 verbose stack     at IncomingMessage.<anonymous> (/home/drom/.nvm/versions/node/v6.17.1/lib/node_modules/npm/node_modules/request/request.js:969:12)
41 verbose statusCode 401
42 verbose pkgid aero-stat
43 verbose cwd /home/drom/work/github/drom/aerostat
44 error Linux 5.3.12-1-default
45 error argv "/home/drom/.nvm/versions/node/v6.17.1/bin/node" "/home/drom/.nvm/versions/node/v6.17.1/bin/npm" "publish"
46 error node v6.17.1
47 error npm  v3.10.10
48 error code E401
49 error You must provide a one-time pass. Upgrade your client to npm@latest in order to use 2FA. : aero-stat
50 error If you need help, you may report this error at:
50 error     <https://github.com/npm/npm/issues>
51 verbose exit [ 1, true ]
